#
# A fatal error has been detected by the Java Runtime Environment:
#
#  EXCEPTION_ACCESS_VIOLATION (0xc0000005) at pc=0x000000000418efb1, pid=5308, tid=0x0000000000001ec8
#
# JRE version: OpenJDK Runtime Environment (8.0_152-b01) (build 1.8.0_152-release-915-b01)
# Java VM: OpenJDK 64-Bit Server VM (25.152-b01 mixed mode windows-amd64 compressed oops)
# Problematic frame:
# J 5606 C1 sun.misc.ProxyGenerator$ProxyMethod.generateMethod()Lsun/misc/ProxyGenerator$MethodInfo; (733 bytes) @ 0x000000000418efb1 [0x000000000418ed80+0x231]
#
# Failed to write core dump. Minidumps are not enabled by default on client versions of Windows
#
# If you would like to submit a bug report, please visit:
#   http://bugreport.java.com/bugreport/crash.jsp
#

---------------  T H R E A D  ---------------

Current thread (0x0000000021452800):  JavaThread "Daemon worker Thread 15" [_thread_in_Java, id=7880, stack(0x000000007cc20000,0x000000007cd20000)]

siginfo: ExceptionCode=0xc0000005, writing address 0x00000000c34283c0

Registers:
RAX=0x00000000e536d130, RBX=0x0000000000000000, RCX=0x0000000000000239, RDX=0x0000000000000000
RSP=0x000000007cd1c370, RBP=0x000000007cd1c860, RSI=0x00000000a0005900, RDI=0x0000000023422ac0
R8 =0x00000000e536ca10, R9 =0x00000000a0602568, R10=0x00000000e536ca10, R11=0x00000000e536a4b8
R12=0x0000000000000000, R13=0x0000000000000001, R14=0x00000000e5369e08, R15=0x0000000021452800
RIP=0x000000000418efb1, EFLAGS=0x0000000000010202

Top of Stack: (sp=0x000000007cd1c370)
0x000000007cd1c370:   00000000e5369d48 0000000003ef0724
0x000000007cd1c380:   0000000000000000 0000000000000000
0x000000007cd1c390:   0000000000000000 0000000000000000
0x000000007cd1c3a0:   0000000000000008 00000000e5369e08
0x000000007cd1c3b0:   00000000a05aa560 00000000e536ca88
0x000000007cd1c3c0:   00000000e5369e08 0000000000000000
0x000000007cd1c3d0:   0000000400000000 00000000e536cb48
0x000000007cd1c3e0:   00000000a0602568 00000000e536ca10
0x000000007cd1c3f0:   00000000e5369e08 0000000000000000
0x000000007cd1c400:   000000000000002b 00000000e536c890
0x000000007cd1c410:   000000007cd1c598 00000000035e9a44
0x000000007cd1c420:   0000000000000003 0000000000000000
0x000000007cd1c430:   0000000000000003 0000000000000000
0x000000007cd1c440:   0000000000000000 000000007202fdfb
0x000000007cd1c450:   0000000100000938 0000000000000000
0x000000007cd1c460:   0000000000000001 00000000e536a4b8 

Instructions: (pc=0x000000000418efb1)
0x000000000418ef91:   28 01 00 00 00 00 00 00 0f 8d 0a 00 00 00 48 bf
0x000000000418efa1:   38 01 00 00 00 00 00 00 48 8b 0c 3e 48 8d 49 01
0x000000000418efb1:   48 89 0c 3e 0f 8d 8e 01 00 00 48 63 f2 44 89 6c
0x000000000418efc1:   b0 10 41 8b 73 10 48 63 fa 3b 56 0c 0f 83 c0 84 


Register to memory mapping:

RAX=0x00000000e536d130 is an oop
[I 
 - klass: {type array int}
 - length: 1
RBX=0x0000000000000000 is an unknown value
RCX=0x0000000000000239 is an unknown value
RDX=0x0000000000000000 is an unknown value
RSP=0x000000007cd1c370 is pointing into the stack for thread: 0x0000000021452800
RBP=0x000000007cd1c860 is pointing into the stack for thread: 0x0000000021452800
RSI=0x00000000a0005900 is an oop
java.lang.Class 
 - klass: 'java/lang/Class'
RDI=0x0000000023422ac0 is pointing into metadata
R8 =0x00000000e536ca10 is an oop
java.lang.Short 
 - klass: 'java/lang/Short'
R9 =0x00000000a0602568 is an oop
java.lang.String 
 - klass: 'java/lang/String'
R10=0x00000000e536ca10 is an oop
java.lang.Short 
 - klass: 'java/lang/Short'
R11=0x00000000e536a4b8 is an oop
sun.misc.ProxyGenerator$ProxyMethod 
 - klass: 'sun/misc/ProxyGenerator$ProxyMethod'
R12=0x0000000000000000 is an unknown value
R13=0x0000000000000001 is an unknown value
R14=0x00000000e5369e08 is an oop
java.util.HashMap 
 - klass: 'java/util/HashMap'
R15=0x0000000021452800 is a thread


Stack: [0x000000007cc20000,0x000000007cd20000],  sp=0x000000007cd1c370,  free space=1008k
Native frames: (J=compiled Java code, j=interpreted, Vv=VM code, C=native code)
C  0x000000000418efb1


---------------  P R O C E S S  ---------------

Java Threads: ( => current thread )
  0x000000002145b800 JavaThread "build operations Thread 6" [_thread_blocked, id=16268, stack(0x000000007d620000,0x000000007d720000)]
  0x000000002145b000 JavaThread "build operations Thread 5" [_thread_blocked, id=96, stack(0x000000007d520000,0x000000007d620000)]
  0x0000000021457000 JavaThread "build operations Thread 4" [_thread_blocked, id=4280, stack(0x000000007d420000,0x000000007d520000)]
  0x000000002145a000 JavaThread "build operations Thread 3" [_thread_blocked, id=16088, stack(0x000000007d320000,0x000000007d420000)]
  0x0000000021459800 JavaThread "build operations Thread 2" [_thread_blocked, id=4432, stack(0x000000007d220000,0x000000007d320000)]
  0x0000000021450800 JavaThread "build operations" [_thread_blocked, id=13884, stack(0x000000007d120000,0x000000007d220000)]
  0x0000000021456800 JavaThread "Cache worker for Artifact transforms cache (C:\Users\qunxin\.gradle\caches\transforms-1)" [_thread_blocked, id=15736, stack(0x000000007d020000,0x000000007d120000)]
  0x0000000021454000 JavaThread "Cache worker for file hash cache (D:\AndroidProject\ERP_Project\ERP12.1.1\.gradle\4.1\fileHashes)" [_thread_blocked, id=7868, stack(0x000000007cf20000,0x000000007d020000)]
  0x0000000021455000 JavaThread "Stdin handler" [_thread_blocked, id=9616, stack(0x000000007ce20000,0x000000007cf20000)]
  0x0000000021453800 JavaThread "Asynchronous log dispatcher for DefaultDaemonConnection: socket connection from /127.0.0.1:50608 to /127.0.0.1:51831" [_thread_blocked, id=4392, stack(0x000000007cd20000,0x000000007ce20000)]
=>0x0000000021452800 JavaThread "Daemon worker Thread 15" [_thread_in_Java, id=7880, stack(0x000000007cc20000,0x000000007cd20000)]
  0x0000000021451000 JavaThread "Cancel handler" [_thread_blocked, id=3544, stack(0x000000007cb20000,0x000000007cc20000)]
  0x000000001951b800 JavaThread "Handler for socket connection from /127.0.0.1:50608 to /127.0.0.1:51831" [_thread_in_native, id=5612, stack(0x000000007ca20000,0x000000007cb20000)]
  0x000000001951e800 JavaThread "Daemon Thread 15" [_thread_blocked, id=16264, stack(0x000000007c920000,0x000000007ca20000)]
  0x0000000019512800 JavaThread "Java2D Disposer" daemon [_thread_blocked, id=12020, stack(0x00000000266c0000,0x00000000267c0000)]
  0x000000001ba2f000 JavaThread "Memory manager" [_thread_blocked, id=2108, stack(0x0000000022810000,0x0000000022910000)]
  0x000000001ba2d000 JavaThread "pool-1-thread-1" [_thread_blocked, id=14604, stack(0x0000000022300000,0x0000000022400000)]
  0x000000001a7b3000 JavaThread "File lock request listener" [_thread_in_native, id=15060, stack(0x000000001c960000,0x000000001ca60000)]
  0x000000001a7b1800 JavaThread "Cache worker for file hash cache (C:\Users\qunxin\.gradle\caches\4.1\fileHashes)" [_thread_blocked, id=11268, stack(0x000000001c660000,0x000000001c760000)]
  0x000000001a128000 JavaThread "Daemon periodic checks" [_thread_blocked, id=5292, stack(0x000000001bd60000,0x000000001be60000)]
  0x0000000019d0a800 JavaThread "Incoming local TCP Connector on port 50608" [_thread_in_native, id=3412, stack(0x000000001a9d0000,0x000000001aad0000)]
  0x00000000187d4000 JavaThread "Service Thread" daemon [_thread_blocked, id=3176, stack(0x0000000019000000,0x0000000019100000)]
  0x000000001874d000 JavaThread "C1 CompilerThread2" daemon [_thread_blocked, id=672, stack(0x0000000018f00000,0x0000000019000000)]
  0x0000000016d1e000 JavaThread "C2 CompilerThread1" daemon [_thread_in_native, id=5872, stack(0x0000000018e00000,0x0000000018f00000)]
  0x0000000016d1c800 JavaThread "C2 CompilerThread0" daemon [_thread_in_native, id=4788, stack(0x0000000018d00000,0x0000000018e00000)]
  0x000000001874b800 JavaThread "Attach Listener" daemon [_thread_blocked, id=12168, stack(0x0000000018c00000,0x0000000018d00000)]
  0x0000000016cfa000 JavaThread "Signal Dispatcher" daemon [_thread_blocked, id=9888, stack(0x0000000018b00000,0x0000000018c00000)]
  0x000000000314d800 JavaThread "Finalizer" daemon [_thread_blocked, id=5572, stack(0x00000000185a0000,0x00000000186a0000)]
  0x0000000003144800 JavaThread "Reference Handler" daemon [_thread_blocked, id=11860, stack(0x00000000184a0000,0x00000000185a0000)]
  0x00000000013de000 JavaThread "main" [_thread_blocked, id=11356, stack(0x0000000002b90000,0x0000000002c90000)]

Other Threads:
  0x0000000016cc6000 VMThread [stack: 0x00000000183a0000,0x00000000184a0000] [id=3688]
  0x00000000187d6000 WatcherThread [stack: 0x0000000019100000,0x0000000019200000] [id=7200]

VM state:not at safepoint (normal execution)

VM Mutex/Monitor currently owned by a thread: None

Heap:
 PSYoungGen      total 330752K, used 122433K [0x00000000e0000000, 0x00000000fef00000, 0x0000000100000000)
  eden space 293888K, 29% used [0x00000000e0000000,0x00000000e53bb4a8,0x00000000f1f00000)
  from space 36864K, 99% used [0x00000000f1f00000,0x00000000f42d52e8,0x00000000f4300000)
  to   space 106496K, 0% used [0x00000000f8700000,0x00000000f8700000,0x00000000fef00000)
 ParOldGen       total 421888K, used 279548K [0x00000000a0000000, 0x00000000b9c00000, 0x00000000e0000000)
  object space 421888K, 66% used [0x00000000a0000000,0x00000000b10ff288,0x00000000b9c00000)
 Metaspace       used 113269K, capacity 121700K, committed 122004K, reserved 1155072K
  class space    used 13609K, capacity 15437K, committed 15548K, reserved 1048576K

Card table byte_map: [0x0000000012510000,0x0000000012820000] byte_map_base: 0x0000000012010000

Marking Bits: (ParMarkBitMap*) 0x0000000072723950
 Begin Bits: [0x0000000013020000, 0x0000000014820000)
 End Bits:   [0x0000000014820000, 0x0000000016020000)

Polling page: 0x00000000013b0000

CodeCache: size=245760Kb used=106015Kb max_used=108243Kb free=139745Kb
 bounds [0x0000000003150000, 0x0000000009c10000, 0x0000000012150000]
 total_blobs=27521 nmethods=26506 adapters=924
 compilation: enabled

Compilation events (10 events):
Event: 4304.093 Thread 0x000000001874d000 40942   !   2       com.sun.proxy.$Proxy86::annotationType (29 bytes)
Event: 4304.094 Thread 0x000000001874d000 nmethod 40942 0x0000000003cee090 code [0x0000000003cee220, 0x0000000003cee4d8]
Event: 4304.099 Thread 0x000000001874d000 40943       2       org.gradle.plugins.ide.idea.model.IdeaModule_Decorated::getConventionMapping (29 bytes)
Event: 4304.099 Thread 0x000000001874d000 nmethod 40943 0x0000000004d4d5d0 code [0x0000000004d4d740, 0x0000000004d4da78]
Event: 4304.103 Thread 0x000000001874d000 40944       2       com.google.common.collect.Lists::newArrayList (28 bytes)
Event: 4304.104 Thread 0x000000001874d000 nmethod 40944 0x0000000003ae0dd0 code [0x0000000003ae0f60, 0x0000000003ae12b8]
Event: 4304.106 Thread 0x000000001874d000 40945       2       org.gradle.api.internal.artifacts.ivyservice.ivyresolve.UserResolverChain::<init> (76 bytes)
Event: 4304.107 Thread 0x000000001874d000 nmethod 40945 0x0000000005c1dfd0 code [0x0000000005c1e160, 0x0000000005c1e7e8]
Event: 4304.109 Thread 0x000000001874d000 40946       1       org.gradle.plugins.ide.idea.model.IdeaModule::getScopes (5 bytes)
Event: 4304.109 Thread 0x000000001874d000 nmethod 40946 0x0000000009891150 code [0x00000000098912a0, 0x00000000098913b0]

GC Heap History (10 events):
Event: 3793.184 GC heap before
{Heap before GC invocations=108 (full 5):
 PSYoungGen      total 378368K, used 299006K [0x00000000e0000000, 0x00000000fe680000, 0x0000000100000000)
  eden space 271872K, 100% used [0x00000000e0000000,0x00000000f0980000,0x00000000f0980000)
  from space 106496K, 25% used [0x00000000f7e80000,0x00000000f98ff8b0,0x00000000fe680000)
  to   space 113152K, 0% used [0x00000000f0980000,0x00000000f0980000,0x00000000f7800000)
 ParOldGen       total 421888K, used 206685K [0x00000000a0000000, 0x00000000b9c00000, 0x00000000e0000000)
  object space 421888K, 48% used [0x00000000a0000000,0x00000000ac9d7648,0x00000000b9c00000)
 Metaspace       used 112105K, capacity 120184K, committed 120468K, reserved 1155072K
  class space    used 13430K, capacity 15139K, committed 15292K, reserved 1048576K
Event: 3793.200 GC heap after
Heap after GC invocations=108 (full 5):
 PSYoungGen      total 385024K, used 40499K [0x00000000e0000000, 0x00000000ff700000, 0x0000000100000000)
  eden space 271872K, 0% used [0x00000000e0000000,0x00000000e0000000,0x00000000f0980000)
  from space 113152K, 35% used [0x00000000f0980000,0x00000000f310cda8,0x00000000f7800000)
  to   space 109056K, 0% used [0x00000000f8c80000,0x00000000f8c80000,0x00000000ff700000)
 ParOldGen       total 421888K, used 206685K [0x00000000a0000000, 0x00000000b9c00000, 0x00000000e0000000)
  object space 421888K, 48% used [0x00000000a0000000,0x00000000ac9d7648,0x00000000b9c00000)
 Metaspace       used 112105K, capacity 120184K, committed 120468K, reserved 1155072K
  class space    used 13430K, capacity 15139K, committed 15292K, reserved 1048576K
}
Event: 3793.794 GC heap before
{Heap before GC invocations=109 (full 5):
 PSYoungGen      total 385024K, used 312371K [0x00000000e0000000, 0x00000000ff700000, 0x0000000100000000)
  eden space 271872K, 100% used [0x00000000e0000000,0x00000000f0980000,0x00000000f0980000)
  from space 113152K, 35% used [0x00000000f0980000,0x00000000f310cda8,0x00000000f7800000)
  to   space 109056K, 0% used [0x00000000f8c80000,0x00000000f8c80000,0x00000000ff700000)
 ParOldGen       total 421888K, used 206685K [0x00000000a0000000, 0x00000000b9c00000, 0x00000000e0000000)
  object space 421888K, 48% used [0x00000000a0000000,0x00000000ac9d7648,0x00000000b9c00000)
 Metaspace       used 112106K, capacity 120184K, committed 120468K, reserved 1155072K
  class space    used 13430K, capacity 15139K, committed 15292K, reserved 1048576K
Event: 3793.814 GC heap after
Heap after GC invocations=109 (full 5):
 PSYoungGen      total 404992K, used 54824K [0x00000000e0000000, 0x00000000ffc00000, 0x0000000100000000)
  eden space 295936K, 0% used [0x00000000e0000000,0x00000000e0000000,0x00000000f2100000)
  from space 109056K, 50% used [0x00000000f8c80000,0x00000000fc20a3b0,0x00000000ff700000)
  to   space 110080K, 0% used [0x00000000f2100000,0x00000000f2100000,0x00000000f8c80000)
 ParOldGen       total 421888K, used 206685K [0x00000000a0000000, 0x00000000b9c00000, 0x00000000e0000000)
  object space 421888K, 48% used [0x00000000a0000000,0x00000000ac9d7648,0x00000000b9c00000)
 Metaspace       used 112106K, capacity 120184K, committed 120468K, reserved 1155072K
  class space    used 13430K, capacity 15139K, committed 15292K, reserved 1048576K
}
Event: 3794.483 GC heap before
{Heap before GC invocations=110 (full 5):
 PSYoungGen      total 404992K, used 350760K [0x00000000e0000000, 0x00000000ffc00000, 0x0000000100000000)
  eden space 295936K, 100% used [0x00000000e0000000,0x00000000f2100000,0x00000000f2100000)
  from space 109056K, 50% used [0x00000000f8c80000,0x00000000fc20a3b0,0x00000000ff700000)
  to   space 110080K, 0% used [0x00000000f2100000,0x00000000f2100000,0x00000000f8c80000)
 ParOldGen       total 421888K, used 206685K [0x00000000a0000000, 0x00000000b9c00000, 0x00000000e0000000)
  object space 421888K, 48% used [0x00000000a0000000,0x00000000ac9d7648,0x00000000b9c00000)
 Metaspace       used 112126K, capacity 120190K, committed 120468K, reserved 1155072K
  class space    used 13430K, capacity 15140K, committed 15292K, reserved 1048576K
Event: 3794.509 GC heap after
Heap after GC invocations=110 (full 5):
 PSYoungGen      total 406016K, used 71531K [0x00000000e0000000, 0x0000000100000000, 0x0000000100000000)
  eden space 295936K, 0% used [0x00000000e0000000,0x00000000e0000000,0x00000000f2100000)
  from space 110080K, 64% used [0x00000000f2100000,0x00000000f66dafc0,0x00000000f8c80000)
  to   space 116736K, 0% used [0x00000000f8e00000,0x00000000f8e00000,0x0000000100000000)
 ParOldGen       total 421888K, used 208552K [0x00000000a0000000, 0x00000000b9c00000, 0x00000000e0000000)
  object space 421888K, 49% used [0x00000000a0000000,0x00000000acbaa170,0x00000000b9c00000)
 Metaspace       used 112126K, capacity 120190K, committed 120468K, reserved 1155072K
  class space    used 13430K, capacity 15140K, committed 15292K, reserved 1048576K
}
Event: 3795.160 GC heap before
{Heap before GC invocations=111 (full 5):
 PSYoungGen      total 406016K, used 367467K [0x00000000e0000000, 0x0000000100000000, 0x0000000100000000)
  eden space 295936K, 100% used [0x00000000e0000000,0x00000000f2100000,0x00000000f2100000)
  from space 110080K, 64% used [0x00000000f2100000,0x00000000f66dafc0,0x00000000f8c80000)
  to   space 116736K, 0% used [0x00000000f8e00000,0x00000000f8e00000,0x0000000100000000)
 ParOldGen       total 421888K, used 208552K [0x00000000a0000000, 0x00000000b9c00000, 0x00000000e0000000)
  object space 421888K, 49% used [0x00000000a0000000,0x00000000acbaa170,0x00000000b9c00000)
 Metaspace       used 112141K, capacity 120190K, committed 120468K, reserved 1155072K
  class space    used 13430K, capacity 15140K, committed 15292K, reserved 1048576K
Event: 3795.192 GC heap after
Heap after GC invocations=111 (full 5):
 PSYoungGen      total 410624K, used 50289K [0x00000000e0000000, 0x0000000100000000, 0x0000000100000000)
  eden space 293888K, 0% used [0x00000000e0000000,0x00000000e0000000,0x00000000f1f00000)
  from space 116736K, 43% used [0x00000000f8e00000,0x00000000fbf1c748,0x0000000100000000)
  to   space 113664K, 0% used [0x00000000f1f00000,0x00000000f1f00000,0x00000000f8e00000)
 ParOldGen       total 421888K, used 246378K [0x00000000a0000000, 0x00000000b9c00000, 0x00000000e0000000)
  object space 421888K, 58% used [0x00000000a0000000,0x00000000af09aae0,0x00000000b9c00000)
 Metaspace       used 112141K, capacity 120190K, committed 120468K, reserved 1155072K
  class space    used 13430K, capacity 15140K, committed 15292K, reserved 1048576K
}
Event: 4303.573 GC heap before
{Heap before GC invocations=112 (full 5):
 PSYoungGen      total 410624K, used 344177K [0x00000000e0000000, 0x0000000100000000, 0x0000000100000000)
  eden space 293888K, 100% used [0x00000000e0000000,0x00000000f1f00000,0x00000000f1f00000)
  from space 116736K, 43% used [0x00000000f8e00000,0x00000000fbf1c748,0x0000000100000000)
  to   space 113664K, 0% used [0x00000000f1f00000,0x00000000f1f00000,0x00000000f8e00000)
 ParOldGen       total 421888K, used 246378K [0x00000000a0000000, 0x00000000b9c00000, 0x00000000e0000000)
  object space 421888K, 58% used [0x00000000a0000000,0x00000000af09aae0,0x00000000b9c00000)
 Metaspace       used 112929K, capacity 121378K, committed 121620K, reserved 1155072K
  class space    used 13542K, capacity 15361K, committed 15420K, reserved 1048576K
Event: 4303.623 GC heap after
Heap after GC invocations=112 (full 5):
 PSYoungGen      total 330752K, used 36692K [0x00000000e0000000, 0x00000000fef00000, 0x0000000100000000)
  eden space 293888K, 0% used [0x00000000e0000000,0x00000000e0000000,0x00000000f1f00000)
  from space 36864K, 99% used [0x00000000f1f00000,0x00000000f42d52e8,0x00000000f4300000)
  to   space 106496K, 0% used [0x00000000f8700000,0x00000000f8700000,0x00000000fef00000)
 ParOldGen       total 421888K, used 279548K [0x00000000a0000000, 0x00000000b9c00000, 0x00000000e0000000)
  object space 421888K, 66% used [0x00000000a0000000,0x00000000b10ff288,0x00000000b9c00000)
 Metaspace       used 112929K, capacity 121378K, committed 121620K, reserved 1155072K
  class space    used 13542K, capacity 15361K, committed 15420K, reserved 1048576K
}

Deoptimization events (10 events):
Event: 4303.138 Thread 0x0000000021452800 Uncommon trap: reason=unstable_if action=reinterpret pc=0x00000000050c5bdc method=sun.misc.URLClassPath$1.next()Z @ 4
Event: 4303.138 Thread 0x0000000021452800 Uncommon trap: reason=unstable_if action=reinterpret pc=0x0000000007ff8e30 method=sun.misc.CompoundEnumeration.next()Z @ 38
Event: 4303.170 Thread 0x0000000021452800 Uncommon trap: reason=unstable_if action=reinterpret pc=0x0000000004234230 method=java.lang.ref.SoftReference.get()Ljava/lang/Object; @ 6
Event: 4304.003 Thread 0x0000000021452800 Uncommon trap: reason=array_check action=maybe_recompile pc=0x0000000009b5eed4 method=java.util.ComparableTimSort.mergeLo(IIII)V @ 587
Event: 4304.003 Thread 0x0000000021452800 Uncommon trap: reason=array_check action=maybe_recompile pc=0x0000000009b5ebec method=java.util.ComparableTimSort.mergeLo(IIII)V @ 465
Event: 4304.003 Thread 0x0000000021452800 Uncommon trap: reason=array_check action=maybe_recompile pc=0x0000000009b5ebec method=java.util.ComparableTimSort.mergeLo(IIII)V @ 465
Event: 4304.096 Thread 0x0000000021452800 Uncommon trap: reason=class_check action=maybe_recompile pc=0x0000000005de964c method=com.google.common.collect.AbstractMapBasedMultimap$KeySet$1.hasNext()Z @ 4
Event: 4304.098 Thread 0x0000000021452800 Uncommon trap: reason=class_check action=maybe_recompile pc=0x0000000005de964c method=com.google.common.collect.AbstractMapBasedMultimap$KeySet$1.hasNext()Z @ 4
Event: 4304.098 Thread 0x0000000021452800 Uncommon trap: reason=class_check action=maybe_recompile pc=0x0000000005de964c method=com.google.common.collect.AbstractMapBasedMultimap$KeySet$1.hasNext()Z @ 4
Event: 4304.101 Thread 0x0000000021452800 Uncommon trap: reason=class_check action=maybe_recompile pc=0x0000000005de964c method=com.google.common.collect.AbstractMapBasedMultimap$KeySet$1.hasNext()Z @ 4

Classes redefined (0 events):
No events

Internal exceptions (10 events):
Event: 4304.002 Thread 0x0000000021452800 Exception <a 'java/lang/ClassNotFoundException': org/jetbrains/plugins/gradle/model/web/WebConfigurationCustomizer> (0x00000000e4d73458) thrown at [D:\src\AOSP-openjdk-cygwin\jdk8u\hotspot\src\share\vm\classfile\systemDictionary.cpp, line 210]
Event: 4304.003 Thread 0x0000000021452800 Exception <a 'java/lang/SecurityException'> (0x00000000e4d89340) thrown at [D:\src\AOSP-openjdk-cygwin\jdk8u\hotspot\src\share\vm\prims\jvm.cpp, line 1394]
Event: 4304.077 Thread 0x0000000021452800 Exception <a 'java/lang/ClassNotFoundException': org/jetbrains/plugins/gradle/model/ear/EarConfigurationBeanInfo> (0x00000000e50368a8) thrown at [D:\src\AOSP-openjdk-cygwin\jdk8u\hotspot\src\share\vm\classfile\systemDictionary.cpp, line 210]
Event: 4304.077 Thread 0x0000000021452800 Exception <a 'java/lang/ClassNotFoundException': org/jetbrains/plugins/gradle/model/ear/EarConfigurationCustomizer> (0x00000000e50433f0) thrown at [D:\src\AOSP-openjdk-cygwin\jdk8u\hotspot\src\share\vm\classfile\systemDictionary.cpp, line 210]
Event: 4304.079 Thread 0x0000000021452800 Exception <a 'java/lang/ClassNotFoundException': org/jetbrains/plugins/gradle/model/scala/ScalaModelBeanInfo> (0x00000000e50738b8) thrown at [D:\src\AOSP-openjdk-cygwin\jdk8u\hotspot\src\share\vm\classfile\systemDictionary.cpp, line 210]
Event: 4304.079 Thread 0x0000000021452800 Exception <a 'java/lang/ClassNotFoundException': org/jetbrains/plugins/gradle/model/scala/ScalaModelCustomizer> (0x00000000e507fea0) thrown at [D:\src\AOSP-openjdk-cygwin\jdk8u\hotspot\src\share\vm\classfile\systemDictionary.cpp, line 210]
Event: 4304.080 Thread 0x0000000021452800 Exception <a 'java/lang/ClassNotFoundException': org/jetbrains/plugins/gradle/model/ExternalProjectBeanInfo> (0x00000000e50a6418) thrown at [D:\src\AOSP-openjdk-cygwin\jdk8u\hotspot\src\share\vm\classfile\systemDictionary.cpp, line 210]
Event: 4304.080 Thread 0x0000000021452800 Exception <a 'java/lang/ClassNotFoundException': org/jetbrains/plugins/gradle/model/ExternalProjectCustomizer> (0x00000000e50b2738) thrown at [D:\src\AOSP-openjdk-cygwin\jdk8u\hotspot\src\share\vm\classfile\systemDictionary.cpp, line 210]
Event: 4304.081 Thread 0x0000000021452800 Exception <a 'java/lang/ClassNotFoundException': org/jetbrains/plugins/gradle/model/ExternalProjectPreviewBeanInfo> (0x00000000e50ebd00) thrown at [D:\src\AOSP-openjdk-cygwin\jdk8u\hotspot\src\share\vm\classfile\systemDictionary.cpp, line 210]
Event: 4304.081 Thread 0x0000000021452800 Exception <a 'java/lang/ClassNotFoundException': org/jetbrains/plugins/gradle/model/ExternalProjectPreviewCustomizer> (0x00000000e50f8f88) thrown at [D:\src\AOSP-openjdk-cygwin\jdk8u\hotspot\src\share\vm\classfile\systemDictionary.cpp, line 210]

Events (10 events):
Event: 4304.118 loading class org/gradle/tooling/internal/adapter/ProtocolToModelAdapter$ChainedMethodInvoker
Event: 4304.118 loading class org/gradle/tooling/internal/adapter/ProtocolToModelAdapter$ChainedMethodInvoker done
Event: 4304.118 loading class org/gradle/tooling/internal/adapter/ProtocolToModelAdapter$SupportedPropertyInvoker
Event: 4304.118 loading class org/gradle/tooling/internal/adapter/ProtocolToModelAdapter$SupportedPropertyInvoker done
Event: 4304.118 loading class org/gradle/tooling/internal/adapter/ProtocolToModelAdapter$SafeMethodInvoker
Event: 4304.118 loading class org/gradle/tooling/internal/adapter/ProtocolToModelAdapter$SafeMethodInvoker done
Event: 4304.119 loading class org/gradle/tooling/internal/adapter/ProtocolToModelAdapter$PropertyCachingMethodInvoker
Event: 4304.119 loading class org/gradle/tooling/internal/adapter/ProtocolToModelAdapter$PropertyCachingMethodInvoker done
Event: 4304.119 loading class org/gradle/tooling/internal/adapter/ProtocolToModelAdapter$AdaptingMethodInvoker
Event: 4304.119 loading class org/gradle/tooling/internal/adapter/ProtocolToModelAdapter$AdaptingMethodInvoker done


Dynamic libraries:
0x00007ff655810000 - 0x00007ff655841000 	C:\Program Files\Android\Android Studio\jre\bin\java.exe
0x00007ffbcc8b0000 - 0x00007ffbcca9d000 	C:\Windows\SYSTEM32\ntdll.dll
0x00007ffbc9d70000 - 0x00007ffbc9e23000 	C:\Windows\System32\KERNEL32.DLL
0x00007ffbc9810000 - 0x00007ffbc9aa3000 	C:\Windows\System32\KERNELBASE.dll
0x00007ffbcacf0000 - 0x00007ffbcad93000 	C:\Windows\System32\ADVAPI32.dll
0x00007ffbcac50000 - 0x00007ffbcacee000 	C:\Windows\System32\msvcrt.dll
0x00007ffbcabb0000 - 0x00007ffbcac4e000 	C:\Windows\System32\sechost.dll
0x00007ffbcaa80000 - 0x00007ffbcaba2000 	C:\Windows\System32\RPCRT4.dll
0x00007ffbca4e0000 - 0x00007ffbca677000 	C:\Windows\System32\USER32.dll
0x00007ffbc94d0000 - 0x00007ffbc94f0000 	C:\Windows\System32\win32u.dll
0x00007ffbca860000 - 0x00007ffbca889000 	C:\Windows\System32\GDI32.dll
0x00007ffbc9670000 - 0x00007ffbc9809000 	C:\Windows\System32\gdi32full.dll
0x00007ffbc9250000 - 0x00007ffbc92f0000 	C:\Windows\System32\msvcp_win.dll
0x00007ffbc94f0000 - 0x00007ffbc95ea000 	C:\Windows\System32\ucrtbase.dll
0x00007ffbbbf10000 - 0x00007ffbbc189000 	C:\Windows\WinSxS\amd64_microsoft.windows.common-controls_6595b64144ccf1df_6.0.17763.802_none_05b1445c0722d2cc\COMCTL32.dll
0x00007ffbcadd0000 - 0x00007ffbcb0fc000 	C:\Windows\System32\combase.dll
0x00007ffbc95f0000 - 0x00007ffbc966e000 	C:\Windows\System32\bcryptPrimitives.dll
0x00007ffbca760000 - 0x00007ffbca78e000 	C:\Windows\System32\IMM32.DLL
0x0000000073840000 - 0x0000000073912000 	C:\Program Files\Android\Android Studio\jre\jre\bin\msvcr100.dll
0x0000000071f60000 - 0x000000007279e000 	C:\Program Files\Android\Android Studio\jre\jre\bin\server\jvm.dll
0x00007ffbcada0000 - 0x00007ffbcada8000 	C:\Windows\System32\PSAPI.DLL
0x00007ffbc6d70000 - 0x00007ffbc6d79000 	C:\Windows\SYSTEM32\WSOCK32.dll
0x00007ffbc6600000 - 0x00007ffbc6624000 	C:\Windows\SYSTEM32\WINMM.dll
0x00007ffbc7440000 - 0x00007ffbc744a000 	C:\Windows\SYSTEM32\VERSION.dll
0x00007ffbcc810000 - 0x00007ffbcc87d000 	C:\Windows\System32\WS2_32.dll
0x00007ffbc65a0000 - 0x00007ffbc65cd000 	C:\Windows\SYSTEM32\WINMMBASE.dll
0x00007ffbc8970000 - 0x00007ffbc89ba000 	C:\Windows\System32\cfgmgr32.dll
0x00007ffbc5090000 - 0x00007ffbc509f000 	C:\Program Files\Android\Android Studio\jre\jre\bin\verify.dll
0x00007ffbbae30000 - 0x00007ffbbae59000 	C:\Program Files\Android\Android Studio\jre\jre\bin\java.dll
0x00007ffbb9d00000 - 0x00007ffbb9d16000 	C:\Program Files\Android\Android Studio\jre\jre\bin\zip.dll
0x00007ffbcb100000 - 0x00007ffbcc5f4000 	C:\Windows\System32\SHELL32.dll
0x00007ffbcc760000 - 0x00007ffbcc808000 	C:\Windows\System32\shcore.dll
0x00007ffbc8aa0000 - 0x00007ffbc91ed000 	C:\Windows\System32\windows.storage.dll
0x00007ffbc88c0000 - 0x00007ffbc88e4000 	C:\Windows\System32\profapi.dll
0x00007ffbc88f0000 - 0x00007ffbc894d000 	C:\Windows\System32\powrprof.dll
0x00007ffbca8f0000 - 0x00007ffbca942000 	C:\Windows\System32\shlwapi.dll
0x00007ffbc8950000 - 0x00007ffbc8961000 	C:\Windows\System32\kernel.appcore.dll
0x00007ffbc9ab0000 - 0x00007ffbc9ac7000 	C:\Windows\System32\cryptsp.dll
0x00007ffbb9b60000 - 0x00007ffbb9b7a000 	C:\Program Files\Android\Android Studio\jre\jre\bin\net.dll
0x00007ffbc8110000 - 0x00007ffbc8177000 	C:\Windows\system32\mswsock.dll
0x00007ffbb8be0000 - 0x00007ffbb8bf1000 	C:\Program Files\Android\Android Studio\jre\jre\bin\nio.dll
0x00007ffbb8740000 - 0x00007ffbb875e000 	C:\Users\qunxin\.gradle\native\25\windows-amd64\native-platform.dll
0x00007ffbc4630000 - 0x00007ffbc463d000 	C:\Program Files\Android\Android Studio\jre\jre\bin\management.dll
0x00007ffbc7c90000 - 0x00007ffbc7cc3000 	C:\Windows\system32\rsaenh.dll
0x00007ffbc89c0000 - 0x00007ffbc89e6000 	C:\Windows\System32\bcrypt.dll
0x00007ffbc87d0000 - 0x00007ffbc87f8000 	C:\Windows\SYSTEM32\USERENV.dll
0x00007ffbc82e0000 - 0x00007ffbc82ec000 	C:\Windows\SYSTEM32\CRYPTBASE.dll
0x00007ffbc7e30000 - 0x00007ffbc7e6d000 	C:\Windows\SYSTEM32\IPHLPAPI.DLL
0x00007ffbca2b0000 - 0x00007ffbca2b8000 	C:\Windows\System32\NSI.dll
0x00007ffbc3f50000 - 0x00007ffbc3f66000 	C:\Windows\SYSTEM32\dhcpcsvc6.DLL
0x00007ffbc3d80000 - 0x00007ffbc3d9c000 	C:\Windows\SYSTEM32\dhcpcsvc.DLL
0x00007ffbc7e70000 - 0x00007ffbc7f36000 	C:\Windows\SYSTEM32\DNSAPI.dll
0x00007ffb88bb0000 - 0x00007ffb88d45000 	C:\Program Files\Android\Android Studio\jre\jre\bin\awt.dll
0x00007ffbca790000 - 0x00007ffbca854000 	C:\Windows\System32\OLEAUT32.dll
0x00007ffbc58d0000 - 0x00007ffbc5e8e000 	C:\Windows\SYSTEM32\d2d1.dll
0x00007ffbc6700000 - 0x00007ffbc678c000 	C:\Windows\SYSTEM32\apphelp.dll
0x00007ffbc6da0000 - 0x00007ffbc6dce000 	C:\Windows\system32\DWMAPI.DLL
0x00007ffbc92f0000 - 0x00007ffbc94cb000 	C:\Windows\System32\CRYPT32.dll
0x00007ffbc88a0000 - 0x00007ffbc88b2000 	C:\Windows\System32\MSASN1.dll
0x00007ffbc68b0000 - 0x00007ffbc694c000 	C:\Windows\system32\uxtheme.dll
0x00007ffbc7910000 - 0x00007ffbc7941000 	C:\Windows\SYSTEM32\ntmarta.dll
0x00007ffbb7510000 - 0x00007ffbb7534000 	C:\Program Files\Android\Android Studio\jre\jre\bin\sunec.dll
0x00007ffbb9cf0000 - 0x00007ffbb9cfb000 	C:\Program Files\Android\Android Studio\jre\jre\bin\sunmscapi.dll
0x00007ffbc0370000 - 0x00007ffbc037a000 	C:\Windows\System32\rasadhlp.dll
0x00007ffbc3410000 - 0x00007ffbc3489000 	C:\Windows\System32\fwpuclnt.dll
0x00007ffbb90e0000 - 0x00007ffbb92cd000 	C:\Windows\SYSTEM32\dbghelp.dll

VM Arguments:
jvm_args: -Xmx1536m -Dfile.encoding=GBK -Duser.country=CN -Duser.language=zh -Duser.variant 
java_command: org.gradle.launcher.daemon.bootstrap.GradleDaemon 4.1
java_class_path (initial): C:\Users\qunxin\.gradle\wrapper\dists\gradle-4.1-all\bzyivzo6n839fup2jbap0tjew\gradle-4.1\lib\gradle-launcher-4.1.jar
Launcher Type: SUN_STANDARD

Environment Variables:
JAVA_HOME=D:\AndroidDevelop\JDK\jdk1.8.0_131
CLASSPATH=.;D:\AndroidDevelop\JDK\jdk1.8.0_131\lib;D:\AndroidDevelop\JDK\jdk1.8.0_131\lib\tool.jar
PATH=C:\Windows\system32;C:\Windows;C:\Windows\System32\Wbem;C:\Windows\System32\WindowsPowerShell\v1.0\;C:\Windows\System32\OpenSSH\;D:\AndroidDevelop\JDK\jdk1.8.0_131\bin;.;D:\AndroidDevelop\JDK\jdk1.8.0_131\lib;D:\AndroidDevelop\JDK\jdk1.8.0_131\lib\tool.jar;D:\AndroidDevelop\kotlinc\bin;C:\Users\qunxin\AppData\Local\Microsoft\WindowsApps;
USERNAME=qunxin
OS=Windows_NT
PROCESSOR_IDENTIFIER=Intel64 Family 6 Model 158 Stepping 10, GenuineIntel



---------------  S Y S T E M  ---------------

OS: Windows 10.0 , 64 bit Build 17763 (10.0.17763.475)

CPU:total 6 (initial active 6) (6 cores per cpu, 1 threads per core) family 6 model 158 stepping 10, cmov, cx8, fxsr, mmx, sse, sse2, sse3, ssse3, sse4.1, sse4.2, popcnt, avx, avx2, aes, clmul, erms, 3dnowpref, lzcnt, tsc, tscinvbit, bmi1, bmi2, adx

Memory: 4k page, physical 12523792k(6096804k free), swap 15931664k(4607416k free)

vm_info: OpenJDK 64-Bit Server VM (25.152-b01) for windows-amd64 JRE (1.8.0_152-release-915-b01), built by "builder" with MS VC++ 10.0 (VS2010)

time: Mon Oct 14 16:06:54 2019
elapsed time: 4304 seconds (0d 1h 11m 44s)

